
Main Menu:
1. Display Zoo
2. Tour Around Zoo
3. Animal's Food Calculation
4. Exit

Input your number of choice here: 
Welcome to the zoo.

Posisi : (0,2)
Hoot!
Hoot!

Posisi : (1,2)
Purrrr
Purrrr

Posisi : (1,3)
Hoot!
Purrrr

Posisi : (2,3)
Hoot!
A a a a a
Quaackk!

Posisi : (3,3)
Auuummm
Aaarhhh
A a a a a
Quaackk!

Posisi : (4,3)
Auuummm
Aaarhhh
A a a a a
Quaackk!

Posisi : (5,3)
Auuummm
Aaarhhh
A a a a a
Quaackk!

Posisi : (6,3)
Auuummm
Aaarhhh

Posisi : (7,3)
Prett!

Posisi : (8,3)
Auuummm
Aaarhhh
Prett!

Posisi : (8,2)
Auuummm
Aaarhhh
Slpp!

Posisi : (8,1)
Slpp!
Prett!

Posisi : (9,1)
Slpp!
Prett!

Posisi : (10,1)
Slpp!

Posisi : (11,1)
Prett!
Ooookkk!

Posisi : (11,2)
Prett!
Ooookkk!

Posisi : (11,3)
Ooookkk!

Posisi : (11,4)
Ooookkk!

Posisi : (11,5)
Hmm!

Posisi : (11,6)
Hmm!

Posisi : (10,6)

Posisi : (9,6)
Hmm!

Posisi : (9,7)
Hmm!

Posisi : (9,8)
Growl
Hmm!

Posisi : (9,9)
Growl

Posisi : (9,10)
Roaarr!
Grrrrrr

Posisi : (9,11)
Roaarr!
Grrrrrr

Posisi : (9,12)
Grrrrrr
Mbeeeee

Posisi : (9,13)
Roaarr!
Mbeeeee

Posisi : (8,13)
Roaarr!
Mbeeeee

Posisi : (7,13)
Roaarr!
Mbeeeee

Posisi : (6,13)
Roaarr!
Ngiak!

Posisi : (5,13)
Ngiak!
Ngiak!

Posisi : (4,13)
Ngiak!
Roaarr!

Posisi : (4,12)
Roaarr!

Posisi : (4,11)
Tweet!
Cuiitt
Tweet!
Cuiitt

Posisi : (4,10)
Growl
Roaarr!

Posisi : (5,10)
Tweet!
Cuiitt
Growl

Posisi : (5,9)
Tweet!
Cuiitt

Posisi : (5,8)
A a a a a
Quaackk!

Posisi : (5,7)

Posisi : (6,7)
A a a a a
Quaackk!
A a a a a
Quaackk!

Posisi : (6,6)

Posisi : (7,6)
A a a a a
Quaackk!

Posisi : (7,5)
A a a a a
Quaackk!

Posisi : (7,4)

Main Menu:
1. Display Zoo
2. Tour Around Zoo
3. Animal's Food Calculation
4. Exit

Input your number of choice here: 
Absis kiri atas : Ordinat kiri atas : Absis kanan bawah : Ordinat kanan bawah : ^ ^ Z @ @ I @ + + + + + Z # # 
^ ^ + + @ @ @ + P J ^ + ~ R # 
^ ^ O + @ @ @ + ^ ^ ^ + ~ ~ ~ 
^ ^ ^ + ~ D N + ^ ^ ^ + ~ ~ ~ 
B W ~ + ~ ~ ~ + ^ ^ + + + + ~ 
# ~ ~ + ~ ~ ~ + + + + @ L + ~ 
# ~ ~ + ~ ~ + + S T @ @ @ + G 
~ ~ ~ + + + + S S @ @ @ @ + @ 
K + + + @ @ S S S @ @ @ @ + @ 
@ + H @ @ @ + + + + + + + + @ 
@ + @ @ @ @ + @ @ F + ~ ~ ~ A 
@ + + + + + + @ @ @ + @ @ C @ 
@ + ^ M ^ ^ + @ @ @ + @ @ @ @ 
@ + + + + + + + + @ + E ^ @ @ 
@ @ @ @ ~ ~ ~ U X + + ^ ^ # # 

Main Menu:
1. Display Zoo
2. Tour Around Zoo
3. Animal's Food Calculation
4. Exit

Input your number of choice here: 
