
Main Menu:
1. Display Zoo
2. Tour Around Zoo
3. Animal's Food Calculation
4. Exit

Input your number of choice here: 
Absis kiri atas : Ordinat kiri atas : Absis kanan bawah : Ordinat kanan bawah : Input salah

Main Menu:
1. Display Zoo
2. Tour Around Zoo
3. Animal's Food Calculation
4. Exit

Input your number of choice here: 
Welcome to the zoo.

Posisi : (0,12)

Posisi : (0,11)
Tweet!
Cuiitt

Posisi : (0,10)
Tweet!
Cuiitt

Posisi : (0,9)
Tweet!
Cuiitt

Posisi : (0,8)
Purrrr

Posisi : (0,7)
Purrrr
Tweet!
Cuiitt

Posisi : (1,7)
Purrrr
Tweet!
Cuiitt

Posisi : (2,7)
A a a a a
Quaackk!
Tweet!
Cuiitt

Posisi : (3,7)
A a a a a
Quaackk!
Tweet!
Cuiitt

Posisi : (4,7)
A a a a a
Quaackk!

Posisi : (5,7)

Posisi : (6,7)
A a a a a
Quaackk!
A a a a a
Quaackk!

Posisi : (6,6)

Posisi : (7,6)
A a a a a
Quaackk!

Posisi : (7,5)
A a a a a
Quaackk!

Posisi : (7,4)
Auuummm
Aaarhhh

Posisi : (7,3)
Auuummm
Aaarhhh
A a a a a
Quaackk!

Posisi : (6,3)
Auuummm
Aaarhhh
A a a a a
Quaackk!

Posisi : (5,3)
Auuummm
Aaarhhh
A a a a a
Quaackk!

Posisi : (4,3)
Hoot!
A a a a a
Quaackk!

Posisi : (3,3)
Hoot!
Purrrr

Posisi : (2,3)
Purrrr
Purrrr

Posisi : (1,3)
Hoot!
Hoot!

Posisi : (1,2)
Hoot!
Purrrr

Posisi : (0,2)

Main Menu:
1. Display Zoo
2. Tour Around Zoo
3. Animal's Food Calculation
4. Exit

Input your number of choice here: 
