
Main Menu:
1. Display Zoo
2. Tour Around Zoo
3. Exit

Input your number of choice here: 
Welcome to the zoo.

Posisi : (0,12)

Posisi : (0,11)
Tweet!
Cuiitt

Posisi : (0,10)
Tweet!
Cuiitt

Posisi : (0,9)
Tweet!
Cuiitt

Posisi : (0,8)
Purrrr

Posisi : (0,7)
Purrrr
Tweet!
Cuiitt

Posisi : (1,7)
Purrrr
Tweet!
Cuiitt

Posisi : (2,7)
A a a a a
Quaackk!
Tweet!
Cuiitt

Posisi : (3,7)
A a a a a
Quaackk!
Tweet!
Cuiitt

Posisi : (4,7)
A a a a a
Quaackk!

Posisi : (5,7)

Posisi : (6,7)
A a a a a
Quaackk!
A a a a a
Quaackk!

Posisi : (6,6)

Posisi : (7,6)
A a a a a
Quaackk!

Posisi : (7,5)
A a a a a
Quaackk!

Posisi : (7,4)
Aaarhhh

Posisi : (7,3)
Prett!

Posisi : (8,3)
Aaarhhh
Prett!

Posisi : (8,2)
Aaarhhh
Slpp!
Auuummm

Posisi : (8,1)
Slpp!
Auuummm
Prett!

Posisi : (9,1)
Slpp!
Auuummm
Prett!

Posisi : (10,1)
Slpp!
Auuummm

Posisi : (11,1)
Slpp!
Auuummm
Ooookkk!

Posisi : (12,1)
Slpp!
Auuummm
Slpp!
Auuummm

Posisi : (13,1)
Ooookkk!
Slpp!
Auuummm

Posisi : (13,2)
Ooookkk!
Slpp!
Auuummm

Posisi : (13,3)
Ooookkk!
Splashh!

Posisi : (13,4)
Ooookkk!
Splashh!

Posisi : (13,5)
Splashh!

Posisi : (13,6)
Hmm!
Splashh!

Posisi : (13,7)
Hmm!
Hmm!

Posisi : (13,8)
Splashh!

Posisi : (14,8)
You've reached the end of this journey.

Main Menu:
1. Display Zoo
2. Tour Around Zoo
3. Exit

Input your number of choice here: 
Absis kiri atas : Ordinat kiri atas : Absis kanan bawah : Ordinat kanan bawah : ^ ^ Z @ @ I @ + + + + + Z # # 
^ ^ + + @ @ @ + ^ ^ ^ + ~ ~ # 
^ ^ O + @ @ @ + ^ ^ ^ + ~ R ~ 
^ ^ ^ + ~ D N + ^ J ^ + ~ ~ ~ 
~ W ~ + ~ ~ ~ + P ^ + + + + ~ 
# ~ ~ + ~ ~ ~ + + + + @ @ + ~ 
# ~ ~ + ~ ~ + + S @ @ @ L + @ 
~ ~ ~ + + + + S S @ @ @ @ + G 
K + + + @ @ S S S T @ @ @ + @ 
@ + H @ @ @ + + + + + + + + @ 
@ + @ @ @ @ + @ @ @ + ~ ~ ~ A 
@ + + + + + + @ @ @ + @ @ @ @ 
@ + ^ M ^ ^ + @ @ @ + @ @ C @ 
@ + + + + + + + + F + ^ ^ @ @ 
B @ @ @ ~ ~ ~ U X + + E ^ # # 

Main Menu:
1. Display Zoo
2. Tour Around Zoo
3. Exit

Input your number of choice here: 
